<?xml version="1.0" encoding="UTF-8"?>
<!-- Generated by org.testng.reporters.JUnitReportReporter -->
<testsuite hostname="DESKTOP-TGPT77S" name="runner.TestRunner" tests="1" failures="0" timestamp="8 Dec 2020 08:16:04 GMT" time="222.891" errors="0">
  <testcase name="feature" time="222.891" classname="runner.TestRunner"/>
</testsuite> <!-- runner.TestRunner -->
